[debug] [2021-01-22T07:15:43.504Z] ----------------------------------------------------------------------
[debug] [2021-01-22T07:15:43.507Z] Command:       C:\Program Files\nodejs\node.exe C:\Users\chror\AppData\Roaming\npm\node_modules\firebase-tools\lib\bin\firebase.js emulators:start --only functions
[debug] [2021-01-22T07:15:43.507Z] CLI Version:   9.2.1
[debug] [2021-01-22T07:15:43.508Z] Platform:      win32
[debug] [2021-01-22T07:15:43.508Z] Node Version:  v12.18.3
[debug] [2021-01-22T07:15:43.508Z] Time:          Fri Jan 22 2021 00:15:43 GMT-0700 (GMT-07:00)
[debug] [2021-01-22T07:15:43.508Z] ----------------------------------------------------------------------
[debug] [2021-01-22T07:15:43.508Z] 
[debug] [2021-01-22T07:15:43.515Z] > command requires scopes: ["email","openid","https://www.googleapis.com/auth/cloudplatformprojects.readonly","https://www.googleapis.com/auth/firebase","https://www.googleapis.com/auth/cloud-platform"]
[debug] [2021-01-22T07:15:43.516Z] > authorizing via signed-in user
[info] i  emulators: Starting emulators: functions {"metadata":{"emulator":{"name":"hub"},"message":"Starting emulators: functions"}}
[warn] !  hub: emulator hub unable to start on port 4400, starting on 4401 instead. {"metadata":{"emulator":{"name":"hub"},"message":"emulator hub unable to start on port 4400, starting on 4401 instead."}}
[warn] !  emulators: It seems that you are running multiple instances of the emulator suite for project iknelia-3cd8e. This may result in unexpected behavior. 
[debug] [2021-01-22T07:15:43.561Z] [hub] writing locator at C:\Users\chror\AppData\Local\Temp\hub-iknelia-3cd8e.json
[warn] !  functions: The following emulators are not running, calls to these services from the Functions emulator will affect production: auth, firestore, database, hosting, pubsub {"metadata":{"emulator":{"name":"functions"},"message":"The following emulators are not running, calls to these services from the Functions emulator will affect production: \u001b[1mauth, firestore, database, hosting, pubsub\u001b[22m"}}
[info] +  functions: Using node@12 from host. {"metadata":{"emulator":{"name":"functions"},"message":"Using node@12 from host."}}
[debug] [2021-01-22T07:15:45.595Z] defaultcredentials: writing to file C:\Users\chror\AppData\Roaming\firebase\chrortegita_gmail_com_application_default_credentials.json
[debug] [2021-01-22T07:15:45.597Z] Setting GAC to C:\Users\chror\AppData\Roaming\firebase\chrortegita_gmail_com_application_default_credentials.json {"metadata":{"emulator":{"name":"functions"},"message":"Setting GAC to C:\\Users\\chror\\AppData\\Roaming\\firebase\\chrortegita_gmail_com_application_default_credentials.json"}}
[debug] [2021-01-22T07:15:45.599Z] >>> [apiv2][query] GET https://firebase.googleapis.com/v1beta1/projects/iknelia-3cd8e/adminSdkConfig [none]
[debug] [2021-01-22T07:15:45.975Z] <<< [apiv2][status] GET https://firebase.googleapis.com/v1beta1/projects/iknelia-3cd8e/adminSdkConfig 200
[debug] [2021-01-22T07:15:45.975Z] <<< [apiv2][body] GET https://firebase.googleapis.com/v1beta1/projects/iknelia-3cd8e/adminSdkConfig {"projectId":"iknelia-3cd8e","storageBucket":"iknelia-3cd8e.appspot.com","locationId":"us-central"}
[warn] !  logging: Logging Emulator unable to start on port 4500, starting on 4501 instead. {"metadata":{"emulator":{"name":"logging"},"message":"Logging Emulator unable to start on port 4500, starting on 4501 instead."}}
[warn] !  ui: Emulator UI unable to start on port 4000, starting on 4001 instead. {"metadata":{"emulator":{"name":"ui"},"message":"Emulator UI unable to start on port 4000, starting on 4001 instead."}}
[debug] [2021-01-22T07:15:46.022Z] Ignoring unsupported arg: auto_download {"metadata":{"emulator":{"name":"ui"},"message":"Ignoring unsupported arg: auto_download"}}
[debug] [2021-01-22T07:15:46.022Z] Ignoring unsupported arg: port {"metadata":{"emulator":{"name":"ui"},"message":"Ignoring unsupported arg: port"}}
[debug] [2021-01-22T07:15:46.022Z] Starting Emulator UI with command {"binary":"node","args":["C:\\Users\\chror\\.cache\\firebase\\emulators\\ui-v1.4.1\\server.bundle.js"],"optionalArgs":[],"joinArgs":false} {"metadata":{"emulator":{"name":"ui"},"message":"Starting Emulator UI with command {\"binary\":\"node\",\"args\":[\"C:\\\\Users\\\\chror\\\\.cache\\\\firebase\\\\emulators\\\\ui-v1.4.1\\\\server.bundle.js\"],\"optionalArgs\":[],\"joinArgs\":false}"}}
[info] i  ui: Emulator UI logging to ui-debug.log {"metadata":{"emulator":{"name":"ui"},"message":"Emulator UI logging to \u001b[1mui-debug.log\u001b[22m"}}
[debug] [2021-01-22T07:15:46.124Z] Web / API server started at http://localhost:4001
 {"metadata":{"emulator":{"name":"ui"},"message":"Web / API server started at http://localhost:4001\n"}}
[info] i  functions: Watching "C:\Users\chror\Desktop\iknelia\functions" for Cloud Functions... {"metadata":{"emulator":{"name":"functions"},"message":"Watching \"C:\\Users\\chror\\Desktop\\iknelia\\functions\" for Cloud Functions..."}}
[debug] [2021-01-22T07:15:46.543Z] [worker-pool] addWorker(~diagnostic~) {"metadata":{"emulator":{"name":"functions"},"message":"[worker-pool] addWorker(~diagnostic~)"}}
[debug] [2021-01-22T07:15:46.544Z] [worker-pool] Adding worker with key ~diagnostic~, total=1 {"metadata":{"emulator":{"name":"functions"},"message":"[worker-pool] Adding worker with key ~diagnostic~, total=1"}}
[debug] [2021-01-22T07:15:46.544Z] [worker-pool] submitWork(triggerId=) {"metadata":{"emulator":{"name":"functions"},"message":"[worker-pool] submitWork(triggerId=)"}}
[debug] [2021-01-22T07:15:46.544Z] [worker-~diagnostic~-8a1d4834-b4f5-4eda-a710-8cea91c2c8b6]: Assigning socketPath: \\?\pipe\C:\Users\chror\Desktop\iknelia\functions\11728 {"metadata":{"emulator":{"name":"functions"},"message":"[worker-~diagnostic~-8a1d4834-b4f5-4eda-a710-8cea91c2c8b6]: Assigning socketPath: \\\\?\\pipe\\C:\\Users\\chror\\Desktop\\iknelia\\functions\\11728"}}
[debug] [2021-01-22T07:15:46.544Z] [worker-~diagnostic~-8a1d4834-b4f5-4eda-a710-8cea91c2c8b6]: BUSY {"metadata":{"emulator":{"name":"functions"},"message":"[worker-~diagnostic~-8a1d4834-b4f5-4eda-a710-8cea91c2c8b6]: BUSY"}}
