[debug] [2021-02-05T09:33:21.198Z] ----------------------------------------------------------------------
[debug] [2021-02-05T09:33:21.201Z] Command:       C:\Program Files\nodejs\node.exe C:\Users\chror\AppData\Roaming\npm\node_modules\firebase-tools\lib\bin\firebase.js emulators:start --only functions
[debug] [2021-02-05T09:33:21.201Z] CLI Version:   9.2.1
[debug] [2021-02-05T09:33:21.201Z] Platform:      win32
[debug] [2021-02-05T09:33:21.201Z] Node Version:  v12.18.3
[debug] [2021-02-05T09:33:21.202Z] Time:          Fri Feb 05 2021 02:33:21 GMT-0700 (GMT-07:00)
[debug] [2021-02-05T09:33:21.202Z] ----------------------------------------------------------------------
[debug] [2021-02-05T09:33:21.202Z] 
[debug] [2021-02-05T09:33:21.209Z] > command requires scopes: ["email","openid","https://www.googleapis.com/auth/cloudplatformprojects.readonly","https://www.googleapis.com/auth/firebase","https://www.googleapis.com/auth/cloud-platform"]
[debug] [2021-02-05T09:33:21.210Z] > authorizing via signed-in user
[info] i  emulators: Starting emulators: functions {"metadata":{"emulator":{"name":"hub"},"message":"Starting emulators: functions"}}
[debug] [2021-02-05T09:33:23.231Z] [hub] writing locator at C:\Users\chror\AppData\Local\Temp\hub-iknelia-3cd8e.json
[warn] !  functions: The following emulators are not running, calls to these services from the Functions emulator will affect production: auth, firestore, database, hosting, pubsub {"metadata":{"emulator":{"name":"functions"},"message":"The following emulators are not running, calls to these services from the Functions emulator will affect production: \u001b[1mauth, firestore, database, hosting, pubsub\u001b[22m"}}
[info] +  functions: Using node@12 from host. {"metadata":{"emulator":{"name":"functions"},"message":"Using node@12 from host."}}
[debug] [2021-02-05T09:33:25.263Z] defaultcredentials: writing to file C:\Users\chror\AppData\Roaming\firebase\chrortegita_gmail_com_application_default_credentials.json
[debug] [2021-02-05T09:33:25.266Z] Setting GAC to C:\Users\chror\AppData\Roaming\firebase\chrortegita_gmail_com_application_default_credentials.json {"metadata":{"emulator":{"name":"functions"},"message":"Setting GAC to C:\\Users\\chror\\AppData\\Roaming\\firebase\\chrortegita_gmail_com_application_default_credentials.json"}}
[debug] [2021-02-05T09:33:25.269Z] >>> [apiv2][query] GET https://firebase.googleapis.com/v1beta1/projects/iknelia-3cd8e/adminSdkConfig [none]
[debug] [2021-02-05T09:33:25.823Z] <<< [apiv2][status] GET https://firebase.googleapis.com/v1beta1/projects/iknelia-3cd8e/adminSdkConfig 200
[debug] [2021-02-05T09:33:25.823Z] <<< [apiv2][body] GET https://firebase.googleapis.com/v1beta1/projects/iknelia-3cd8e/adminSdkConfig {"projectId":"iknelia-3cd8e","storageBucket":"iknelia-3cd8e.appspot.com","locationId":"us-central"}
[debug] [2021-02-05T09:33:29.848Z] Ignoring unsupported arg: auto_download {"metadata":{"emulator":{"name":"ui"},"message":"Ignoring unsupported arg: auto_download"}}
[debug] [2021-02-05T09:33:29.848Z] Ignoring unsupported arg: port {"metadata":{"emulator":{"name":"ui"},"message":"Ignoring unsupported arg: port"}}
[debug] [2021-02-05T09:33:29.848Z] Starting Emulator UI with command {"binary":"node","args":["C:\\Users\\chror\\.cache\\firebase\\emulators\\ui-v1.4.1\\server.bundle.js"],"optionalArgs":[],"joinArgs":false} {"metadata":{"emulator":{"name":"ui"},"message":"Starting Emulator UI with command {\"binary\":\"node\",\"args\":[\"C:\\\\Users\\\\chror\\\\.cache\\\\firebase\\\\emulators\\\\ui-v1.4.1\\\\server.bundle.js\"],\"optionalArgs\":[],\"joinArgs\":false}"}}
[info] i  ui: Emulator UI logging to ui-debug.log {"metadata":{"emulator":{"name":"ui"},"message":"Emulator UI logging to \u001b[1mui-debug.log\u001b[22m"}}
[debug] [2021-02-05T09:33:29.978Z] Web / API server started at http://localhost:4000
 {"metadata":{"emulator":{"name":"ui"},"message":"Web / API server started at http://localhost:4000\n"}}
[info] i  functions: Watching "C:\Users\chror\Desktop\iknelia\functions" for Cloud Functions... {"metadata":{"emulator":{"name":"functions"},"message":"Watching \"C:\\Users\\chror\\Desktop\\iknelia\\functions\" for Cloud Functions..."}}
[debug] [2021-02-05T09:33:30.381Z] [worker-pool] addWorker(~diagnostic~) {"metadata":{"emulator":{"name":"functions"},"message":"[worker-pool] addWorker(~diagnostic~)"}}
[debug] [2021-02-05T09:33:30.381Z] [worker-pool] Adding worker with key ~diagnostic~, total=1 {"metadata":{"emulator":{"name":"functions"},"message":"[worker-pool] Adding worker with key ~diagnostic~, total=1"}}
[debug] [2021-02-05T09:33:30.381Z] [worker-pool] submitWork(triggerId=) {"metadata":{"emulator":{"name":"functions"},"message":"[worker-pool] submitWork(triggerId=)"}}
[debug] [2021-02-05T09:33:30.382Z] [worker-~diagnostic~-b7618b41-51db-458a-8035-092971e0a08f]: Assigning socketPath: \\?\pipe\C:\Users\chror\Desktop\iknelia\functions\17856 {"metadata":{"emulator":{"name":"functions"},"message":"[worker-~diagnostic~-b7618b41-51db-458a-8035-092971e0a08f]: Assigning socketPath: \\\\?\\pipe\\C:\\Users\\chror\\Desktop\\iknelia\\functions\\17856"}}
[debug] [2021-02-05T09:33:30.383Z] [worker-~diagnostic~-b7618b41-51db-458a-8035-092971e0a08f]: BUSY {"metadata":{"emulator":{"name":"functions"},"message":"[worker-~diagnostic~-b7618b41-51db-458a-8035-092971e0a08f]: BUSY"}}
[debug] [2021-02-05T09:33:30.583Z] [runtime-status] [17856] Functions runtime initialized. {"cwd":"C:\\Users\\chror\\Desktop\\iknelia\\functions","node_version":"12.18.3"} {"metadata":{"emulator":{"name":"functions"},"message":"[runtime-status] [17856] Functions runtime initialized. {\"cwd\":\"C:\\\\Users\\\\chror\\\\Desktop\\\\iknelia\\\\functions\",\"node_version\":\"12.18.3\"}"}}
[debug] [2021-02-05T09:33:30.583Z] [runtime-status] [17856] Disabled runtime features: undefined {"metadata":{"emulator":{"name":"functions"},"message":"[runtime-status] [17856] Disabled runtime features: undefined"}}
[debug] [2021-02-05T09:33:30.586Z] [runtime-status] [17856] Resolved module firebase-admin {"declared":true,"installed":true,"version":"9.4.2","resolution":"C:\\Users\\chror\\Desktop\\iknelia\\functions\\node_modules\\firebase-admin\\lib\\index.js"} {"metadata":{"emulator":{"name":"functions"},"message":"[runtime-status] [17856] Resolved module firebase-admin {\"declared\":true,\"installed\":true,\"version\":\"9.4.2\",\"resolution\":\"C:\\\\Users\\\\chror\\\\Desktop\\\\iknelia\\\\functions\\\\node_modules\\\\firebase-admin\\\\lib\\\\index.js\"}"}}
[debug] [2021-02-05T09:33:30.588Z] [runtime-status] [17856] Resolved module firebase-functions {"declared":true,"installed":true,"version":"3.13.1","resolution":"C:\\Users\\chror\\Desktop\\iknelia\\functions\\node_modules\\firebase-functions\\lib\\index.js"} {"metadata":{"emulator":{"name":"functions"},"message":"[runtime-status] [17856] Resolved module firebase-functions {\"declared\":true,\"installed\":true,\"version\":\"3.13.1\",\"resolution\":\"C:\\\\Users\\\\chror\\\\Desktop\\\\iknelia\\\\functions\\\\node_modules\\\\firebase-functions\\\\lib\\\\index.js\"}"}}
[debug] [2021-02-05T09:33:30.589Z] [runtime-status] [17856] Resolved module firebase-functions {"declared":true,"installed":true,"version":"3.13.1","resolution":"C:\\Users\\chror\\Desktop\\iknelia\\functions\\node_modules\\firebase-functions\\lib\\index.js"} {"metadata":{"emulator":{"name":"functions"},"message":"[runtime-status] [17856] Resolved module firebase-functions {\"declared\":true,\"installed\":true,\"version\":\"3.13.1\",\"resolution\":\"C:\\\\Users\\\\chror\\\\Desktop\\\\iknelia\\\\functions\\\\node_modules\\\\firebase-functions\\\\lib\\\\index.js\"}"}}
[debug] [2021-02-05T09:33:30.591Z] [runtime-status] [17856] Outgoing network have been stubbed. [{"name":"http","status":"mocked"},{"name":"http","status":"mocked"},{"name":"https","status":"mocked"},{"name":"https","status":"mocked"},{"name":"net","status":"mocked"}] {"metadata":{"emulator":{"name":"functions"},"message":"[runtime-status] [17856] Outgoing network have been stubbed. [{\"name\":\"http\",\"status\":\"mocked\"},{\"name\":\"http\",\"status\":\"mocked\"},{\"name\":\"https\",\"status\":\"mocked\"},{\"name\":\"https\",\"status\":\"mocked\"},{\"name\":\"net\",\"status\":\"mocked\"}]"}}
[debug] [2021-02-05T09:33:30.591Z] [runtime-status] [17856] Resolved module firebase-functions {"declared":true,"installed":true,"version":"3.13.1","resolution":"C:\\Users\\chror\\Desktop\\iknelia\\functions\\node_modules\\firebase-functions\\lib\\index.js"} {"metadata":{"emulator":{"name":"functions"},"message":"[runtime-status] [17856] Resolved module firebase-functions {\"declared\":true,\"installed\":true,\"version\":\"3.13.1\",\"resolution\":\"C:\\\\Users\\\\chror\\\\Desktop\\\\iknelia\\\\functions\\\\node_modules\\\\firebase-functions\\\\lib\\\\index.js\"}"}}
[debug] [2021-02-05T09:33:30.637Z] [runtime-status] [17856] Checked functions.config() {"config":{}} {"metadata":{"emulator":{"name":"functions"},"message":"[runtime-status] [17856] Checked functions.config() {\"config\":{}}"}}
[debug] [2021-02-05T09:33:30.637Z] [runtime-status] [17856] firebase-functions has been stubbed. {"functionsResolution":{"declared":true,"installed":true,"version":"3.13.1","resolution":"C:\\Users\\chror\\Desktop\\iknelia\\functions\\node_modules\\firebase-functions\\lib\\index.js"}} {"metadata":{"emulator":{"name":"functions"},"message":"[runtime-status] [17856] firebase-functions has been stubbed. {\"functionsResolution\":{\"declared\":true,\"installed\":true,\"version\":\"3.13.1\",\"resolution\":\"C:\\\\Users\\\\chror\\\\Desktop\\\\iknelia\\\\functions\\\\node_modules\\\\firebase-functions\\\\lib\\\\index.js\"}}"}}
[debug] [2021-02-05T09:33:30.638Z] [runtime-status] [17856] Resolved module firebase-functions {"declared":true,"installed":true,"version":"3.13.1","resolution":"C:\\Users\\chror\\Desktop\\iknelia\\functions\\node_modules\\firebase-functions\\lib\\index.js"} {"metadata":{"emulator":{"name":"functions"},"message":"[runtime-status] [17856] Resolved module firebase-functions {\"declared\":true,\"installed\":true,\"version\":\"3.13.1\",\"resolution\":\"C:\\\\Users\\\\chror\\\\Desktop\\\\iknelia\\\\functions\\\\node_modules\\\\firebase-functions\\\\lib\\\\index.js\"}"}}
[debug] [2021-02-05T09:33:30.638Z] [runtime-status] [17856] Resolved module firebase-admin {"declared":true,"installed":true,"version":"9.4.2","resolution":"C:\\Users\\chror\\Desktop\\iknelia\\functions\\node_modules\\firebase-admin\\lib\\index.js"} {"metadata":{"emulator":{"name":"functions"},"message":"[runtime-status] [17856] Resolved module firebase-admin {\"declared\":true,\"installed\":true,\"version\":\"9.4.2\",\"resolution\":\"C:\\\\Users\\\\chror\\\\Desktop\\\\iknelia\\\\functions\\\\node_modules\\\\firebase-admin\\\\lib\\\\index.js\"}"}}
[debug] [2021-02-05T09:33:30.639Z] [runtime-status] [17856] Resolved module firebase-functions {"declared":true,"installed":true,"version":"3.13.1","resolution":"C:\\Users\\chror\\Desktop\\iknelia\\functions\\node_modules\\firebase-functions\\lib\\index.js"} {"metadata":{"emulator":{"name":"functions"},"message":"[runtime-status] [17856] Resolved module firebase-functions {\"declared\":true,\"installed\":true,\"version\":\"3.13.1\",\"resolution\":\"C:\\\\Users\\\\chror\\\\Desktop\\\\iknelia\\\\functions\\\\node_modules\\\\firebase-functions\\\\lib\\\\index.js\"}"}}
[debug] [2021-02-05T09:33:30.639Z] [runtime-status] [17856] firebase-admin has been stubbed. {"adminResolution":{"declared":true,"installed":true,"version":"9.4.2","resolution":"C:\\Users\\chror\\Desktop\\iknelia\\functions\\node_modules\\firebase-admin\\lib\\index.js"}} {"metadata":{"emulator":{"name":"functions"},"message":"[runtime-status] [17856] firebase-admin has been stubbed. {\"adminResolution\":{\"declared\":true,\"installed\":true,\"version\":\"9.4.2\",\"resolution\":\"C:\\\\Users\\\\chror\\\\Desktop\\\\iknelia\\\\functions\\\\node_modules\\\\firebase-admin\\\\lib\\\\index.js\"}}"}}
[info] +  functions[api]: http function initialized (http://localhost:9999/iknelia-3cd8e/us-central1/api). {"metadata":{"emulator":{"name":"functions"},"message":"\u001b[1mhttp\u001b[22m function initialized (http://localhost:9999/iknelia-3cd8e/us-central1/api)."}}
